<?xml version="1.0" encoding="UTF-8"?>
<!-- Generated by org.testng.reporters.JUnitReportReporter -->
<testsuite hostname="OTEBEDIBA-LAP" failures="0" tests="10" name="com.crmAutomation.testScripts.smoketest.ContactsPgTest2" time="45.292" errors="2" timestamp="03 Mar 2019 22:06:24 GMT" skipped="8">
  <testcase classname="com.crmAutomation.testScripts.smoketest.ContactsPgTest2" name="validateCreateNewContactTest" time="44.053">
    <skipped/>
  </testcase> <!-- validateCreateNewContactTest -->
  <testcase classname="com.crmAutomation.testScripts.smoketest.ContactsPgTest2" name="validateCreateNewContactTest" time="0.000">
    <skipped/>
  </testcase> <!-- validateCreateNewContactTest -->
  <testcase classname="com.crmAutomation.testScripts.smoketest.ContactsPgTest2" name="validateCreateNewContactTest" time="0.000">
    <skipped/>
  </testcase> <!-- validateCreateNewContactTest -->
  <testcase classname="com.crmAutomation.testScripts.smoketest.ContactsPgTest2" name="tearDown" time="1.194">
    <error type="java.lang.NullPointerException">
      <![CDATA[java.lang.NullPointerException
at com.crmAutomation.base.TestBase.tearDown(TestBase.java:111)
at java.base/jdk.internal.reflect.NativeMethodAccessorImpl.invoke0(Native Method)
at java.base/jdk.internal.reflect.NativeMethodAccessorImpl.invoke(NativeMethodAccessorImpl.java:62)
at java.base/jdk.internal.reflect.DelegatingMethodAccessorImpl.invoke(DelegatingMethodAccessorImpl.java:43)
at java.base/java.lang.reflect.Method.invoke(Method.java:564)
at org.testng.internal.MethodInvocationHelper.invokeMethod(MethodInvocationHelper.java:124)
at org.testng.internal.MethodInvocationHelper.invokeMethodConsideringTimeout(MethodInvocationHelper.java:59)
at org.testng.internal.Invoker.invokeConfigurationMethod(Invoker.java:458)
at org.testng.internal.Invoker.invokeConfigurations(Invoker.java:222)
at org.testng.internal.Invoker.invokeMethod(Invoker.java:646)
at org.testng.internal.Invoker.invokeTestMethod(Invoker.java:719)
at org.testng.internal.Invoker.invokeTestMethods(Invoker.java:989)
at org.testng.internal.TestMethodWorker.invokeTestMethods(TestMethodWorker.java:125)
at org.testng.internal.TestMethodWorker.run(TestMethodWorker.java:109)
at org.testng.TestRunner.privateRun(TestRunner.java:648)
at org.testng.TestRunner.run(TestRunner.java:505)
at org.testng.SuiteRunner.runTest(SuiteRunner.java:455)
at org.testng.SuiteRunner.runSequentially(SuiteRunner.java:450)
at org.testng.SuiteRunner.privateRun(SuiteRunner.java:415)
at org.testng.SuiteRunner.run(SuiteRunner.java:364)
at org.testng.SuiteRunnerWorker.runSuite(SuiteRunnerWorker.java:52)
at org.testng.SuiteRunnerWorker.run(SuiteRunnerWorker.java:84)
at org.testng.TestNG.runSuitesSequentially(TestNG.java:1208)
at org.testng.TestNG.runSuitesLocally(TestNG.java:1137)
at org.testng.TestNG.runSuites(TestNG.java:1049)
at org.testng.TestNG.run(TestNG.java:1017)
at org.testng.remote.AbstractRemoteTestNG.run(AbstractRemoteTestNG.java:115)
at org.testng.remote.RemoteTestNG.initAndRun(RemoteTestNG.java:251)
at org.testng.remote.RemoteTestNG.main(RemoteTestNG.java:77)
]]>
    </error>
  </testcase> <!-- tearDown -->
  <testcase classname="com.crmAutomation.testScripts.smoketest.ContactsPgTest2" name="validateCreateNewContactTest" time="0.000">
    <skipped/>
  </testcase> <!-- validateCreateNewContactTest -->
  <testcase classname="com.crmAutomation.testScripts.smoketest.ContactsPgTest2" name="validateCreateNewContactTest" time="0.000">
    <skipped/>
  </testcase> <!-- validateCreateNewContactTest -->
  <testcase classname="com.crmAutomation.testScripts.smoketest.ContactsPgTest2" name="validateCreateNewContactTest" time="0.045">
    <error type="java.lang.NullPointerException">
      <![CDATA[java.lang.NullPointerException
at com.crmAutomation.testScripts.smoketest.ContactsPgTest2.validateCreateNewContactTest(ContactsPgTest2.java:60)
at java.base/jdk.internal.reflect.NativeMethodAccessorImpl.invoke0(Native Method)
at java.base/jdk.internal.reflect.NativeMethodAccessorImpl.invoke(NativeMethodAccessorImpl.java:62)
at java.base/jdk.internal.reflect.DelegatingMethodAccessorImpl.invoke(DelegatingMethodAccessorImpl.java:43)
at java.base/java.lang.reflect.Method.invoke(Method.java:564)
at org.testng.internal.MethodInvocationHelper.invokeMethod(MethodInvocationHelper.java:124)
at org.testng.internal.Invoker.invokeMethod(Invoker.java:583)
at org.testng.internal.Invoker.invokeTestMethod(Invoker.java:719)
at org.testng.internal.Invoker.invokeTestMethods(Invoker.java:989)
at org.testng.internal.TestMethodWorker.invokeTestMethods(TestMethodWorker.java:125)
at org.testng.internal.TestMethodWorker.run(TestMethodWorker.java:109)
at org.testng.TestRunner.privateRun(TestRunner.java:648)
at org.testng.TestRunner.run(TestRunner.java:505)
at org.testng.SuiteRunner.runTest(SuiteRunner.java:455)
at org.testng.SuiteRunner.runSequentially(SuiteRunner.java:450)
at org.testng.SuiteRunner.privateRun(SuiteRunner.java:415)
at org.testng.SuiteRunner.run(SuiteRunner.java:364)
at org.testng.SuiteRunnerWorker.runSuite(SuiteRunnerWorker.java:52)
at org.testng.SuiteRunnerWorker.run(SuiteRunnerWorker.java:84)
at org.testng.TestNG.runSuitesSequentially(TestNG.java:1208)
at org.testng.TestNG.runSuitesLocally(TestNG.java:1137)
at org.testng.TestNG.runSuites(TestNG.java:1049)
at org.testng.TestNG.run(TestNG.java:1017)
at org.testng.remote.AbstractRemoteTestNG.run(AbstractRemoteTestNG.java:115)
at org.testng.remote.RemoteTestNG.initAndRun(RemoteTestNG.java:251)
at org.testng.remote.RemoteTestNG.main(RemoteTestNG.java:77)
]]>
    </error>
  </testcase> <!-- validateCreateNewContactTest -->
  <testcase classname="com.crmAutomation.testScripts.smoketest.ContactsPgTest2" name="validateCreateNewContactTest" time="0.000">
    <skipped/>
  </testcase> <!-- validateCreateNewContactTest -->
  <testcase classname="com.crmAutomation.testScripts.smoketest.ContactsPgTest2" name="validateCreateNewContactTest" time="0.000">
    <skipped/>
  </testcase> <!-- validateCreateNewContactTest -->
  <testcase classname="com.crmAutomation.testScripts.smoketest.ContactsPgTest2" name="VerifyContactsLableTest">
    <skipped/>
  </testcase> <!-- VerifyContactsLableTest -->
</testsuite> <!-- com.crmAutomation.testScripts.smoketest.ContactsPgTest2 -->
