<?xml version="1.0" encoding="UTF-8"?>
<!-- Generated by org.testng.reporters.JUnitXMLReporter -->
<testsuite ignored="5" hostname="WIN106401" failures="1" tests="31" name="Login-SignUp" time="881.499" errors="0" timestamp="15 May 2019 15:38:39 GMT">
  <testcase classname="com.crmAutomation.testScripts.ValidSignUpPageTest" name="VerifySignUpPageURL" time="4.477"/>
  <testcase classname="com.crmAutomation.testScripts.InValidSignUpCredentials" name="signUpWithINvalidCredentialsTest" time="14.704"/>
  <testcase classname="com.crmAutomation.testScripts.InValidSignUpCredentials" name="signUpWithINvalidCredentialsTest" time="12.05"/>
  <testcase classname="com.crmAutomation.testScripts.InValidSignUpCredentials" name="signUpWithINvalidCredentialsTest" time="13.198"/>
  <testcase classname="com.crmAutomation.testScripts.InValidSignUpCredentials" name="signUpWithINvalidCredentialsTest" time="12.336"/>
  <testcase classname="com.crmAutomation.testScripts.InValidSignUpCredentials" name="signUpWithINvalidCredentialsTest" time="13.182"/>
  <testcase classname="com.crmAutomation.testScripts.InValidSignUpCredentials" name="signUpWithINvalidCredentialsTest" time="12.519"/>
  <testcase classname="com.crmAutomation.testScripts.InValidSignUpCredentials" name="signUpWithINvalidCredentialsTest" time="13.574"/>
  <testcase classname="com.crmAutomation.testScripts.InValidSignUpCredentials" name="signUpWithINvalidCredentialsTest" time="13.318"/>
  <testcase classname="com.crmAutomation.testScripts.InValidSignUpCredentials" name="signUpWithINvalidCredentialsTest" time="12.628"/>
  <testcase classname="com.crmAutomation.testScripts.InValidSignUpCredentials" name="signUpWithINvalidCredentialsTest" time="13.493"/>
  <testcase classname="com.crmAutomation.testScripts.InValidSignUpCredentials" name="signUpWithINvalidCredentialsTest" time="12.859"/>
  <testcase classname="com.crmAutomation.testScripts.InValidSignUpCredentials" name="signUpWithINvalidCredentialsTest" time="13.138"/>
  <testcase classname="com.crmAutomation.testScripts.InValidSignUpCredentials" name="signUpWithINvalidCredentialsTest" time="13.197"/>
  <testcase classname="com.crmAutomation.testScripts.LoginTest" name="LoginToApplication" time="10.547"/>
  <testcase classname="com.crmAutomation.testScripts.HomePageTest" name="verifyHomePageTitleTest" time="0.021"/>
  <testcase classname="com.crmAutomation.testScripts.HomePageTest" name="verifyLoggedInUserNameTest" time="0.189"/>
  <testcase classname="com.crmAutomation.testScripts.ContactsPgTest" name="validateCreateNewContactTest" time="7.31"/>
  <testcase classname="com.crmAutomation.testScripts.ContactsPgTest" name="validateCreateNewContactTest" time="7.477"/>
  <testcase classname="com.crmAutomation.testScripts.ContactsPgTest" name="validateCreateNewContactTest" time="7.559"/>
  <testcase classname="com.crmAutomation.testScripts.CompaniesPageTest" name="validateCreateCreateCompanyTest" time="43.201"/>
  <testcase classname="com.crmAutomation.testScripts.CompaniesPageTest" name="validateCreateCreateCompanyTest" time="43.178"/>
  <testcase classname="com.crmAutomation.testScripts.CompaniesPageTest" name="validateCreateCreateCompanyTest" time="40.585"/>
  <testcase classname="com.crmAutomation.testScripts.CompaniesPageTest" name="validateCreateCreateCompanyTest" time="43.425"/>
  <testcase classname="com.crmAutomation.testScripts.ValidSignUpPageTest" name="validateSignUpTest" time="2.352">
    <failure type="org.openqa.selenium.WebDriverException" message="unknown error: Element &amp;lt;a href=&amp;quot;https://classic.crmpro.com/register/&amp;quot;&amp;gt;...&amp;lt;/a&amp;gt; is not clickable at point (1172, 45). Other element would receive the click: &amp;lt;div id=&amp;quot;preloader&amp;quot;&amp;gt;...&amp;lt;/div&amp;gt;
  (Session info: chrome=74.0.3729.157)
  (Driver info: chromedriver=2.40.565498 (ea082db3280dd6843ebfb08a625e3eb905c4f5ab),platform=Windows NT 10.0.16299 x86_64) (WARNING: The server did not provide any stacktrace information)
Command duration or timeout: 0 milliseconds
Build info: version: &amp;apos;3.141.59&amp;apos;, revision: &amp;apos;e82be7d358&amp;apos;, time: &amp;apos;2018-11-14T08:17:03&amp;apos;
System info: host: &amp;apos;WIN106401&amp;apos;, ip: &amp;apos;10.10.10.21&amp;apos;, os.name: &amp;apos;Windows 10&amp;apos;, os.arch: &amp;apos;amd64&amp;apos;, os.version: &amp;apos;10.0&amp;apos;, java.version: &amp;apos;10.0.2&amp;apos;
Driver info: org.openqa.selenium.chrome.ChromeDriver
Capabilities {acceptInsecureCerts: false, acceptSslCerts: false, applicationCacheEnabled: false, browserConnectionEnabled: false, browserName: chrome, chrome: {chromedriverVersion: 2.40.565498 (ea082db3280dd6..., userDataDir: C:\Users\Admin\AppData\Loca...}, cssSelectorsEnabled: true, databaseEnabled: false, handlesAlerts: true, hasTouchScreen: false, javascriptEnabled: true, locationContextEnabled: true, mobileEmulationEnabled: false, nativeEvents: true, networkConnectionEnabled: false, pageLoadStrategy: normal, platform: XP, platformName: XP, rotatable: false, setWindowRect: true, takesHeapSnapshot: true, takesScreenshot: true, unexpectedAlertBehaviour: , unhandledPromptBehavior: , version: 74.0.3729.157, webStorageEnabled: true}
Session ID: 7e6969b0aef8cf136fdf89f77c48b9d2">
      <![CDATA[org.openqa.selenium.WebDriverException: unknown error: Element <a href="https://classic.crmpro.com/register/">...</a> is not clickable at point (1172, 45). Other element would receive the click: <div id="preloader">...</div>
  (Session info: chrome=74.0.3729.157)
  (Driver info: chromedriver=2.40.565498 (ea082db3280dd6843ebfb08a625e3eb905c4f5ab),platform=Windows NT 10.0.16299 x86_64) (WARNING: The server did not provide any stacktrace information)
Command duration or timeout: 0 milliseconds
Build info: version: '3.141.59', revision: 'e82be7d358', time: '2018-11-14T08:17:03'
System info: host: 'WIN106401', ip: '10.10.10.21', os.name: 'Windows 10', os.arch: 'amd64', os.version: '10.0', java.version: '10.0.2'
Driver info: org.openqa.selenium.chrome.ChromeDriver
Capabilities {acceptInsecureCerts: false, acceptSslCerts: false, applicationCacheEnabled: false, browserConnectionEnabled: false, browserName: chrome, chrome: {chromedriverVersion: 2.40.565498 (ea082db3280dd6..., userDataDir: C:\Users\Admin\AppData\Loca...}, cssSelectorsEnabled: true, databaseEnabled: false, handlesAlerts: true, hasTouchScreen: false, javascriptEnabled: true, locationContextEnabled: true, mobileEmulationEnabled: false, nativeEvents: true, networkConnectionEnabled: false, pageLoadStrategy: normal, platform: XP, platformName: XP, rotatable: false, setWindowRect: true, takesHeapSnapshot: true, takesScreenshot: true, unexpectedAlertBehaviour: , unhandledPromptBehavior: , version: 74.0.3729.157, webStorageEnabled: true}
Session ID: 7e6969b0aef8cf136fdf89f77c48b9d2
at org.openqa.selenium.remote.ErrorHandler.createThrowable(ErrorHandler.java:214)
at org.openqa.selenium.remote.ErrorHandler.throwIfResponseFailed(ErrorHandler.java:166)
at org.openqa.selenium.remote.http.JsonHttpResponseCodec.reconstructValue(JsonHttpResponseCodec.java:40)
at org.openqa.selenium.remote.http.AbstractHttpResponseCodec.decode(AbstractHttpResponseCodec.java:80)
at org.openqa.selenium.remote.http.AbstractHttpResponseCodec.decode(AbstractHttpResponseCodec.java:44)
at org.openqa.selenium.remote.HttpCommandExecutor.execute(HttpCommandExecutor.java:158)
at org.openqa.selenium.remote.service.DriverCommandExecutor.execute(DriverCommandExecutor.java:83)
at org.openqa.selenium.remote.RemoteWebDriver.execute(RemoteWebDriver.java:552)
at org.openqa.selenium.remote.RemoteWebElement.execute(RemoteWebElement.java:285)
at org.openqa.selenium.remote.RemoteWebElement.click(RemoteWebElement.java:84)
at org.openqa.selenium.support.events.EventFiringWebDriver$EventFiringWebElement.lambda$new$0(EventFiringWebDriver.java:404)
at com.sun.proxy.$Proxy22.click(Unknown Source)
at org.openqa.selenium.support.events.EventFiringWebDriver$EventFiringWebElement.click(EventFiringWebDriver.java:417)
at com.crmAutomation.pageObjects.SignUpPage.clickonSignUpLink(SignUpPage.java:23)
at com.crmAutomation.testScripts.ValidSignUpPageTest.validateSignUpTest(ValidSignUpPageTest.java:55)
... Removed 32 stack frames]]>
    </failure>
  </testcase> <!-- validateSignUpTest -->
  <testcase classname="com.crmAutomation.testScripts.InValidSignUpCredentials" name="InvalidSignupContinuation" time="12.356"/>
  <testcase classname="com.crmAutomation.testScripts.InValidSignUpCredentials" name="InvalidSignupContinuation" time="11.616"/>
  <testcase classname="com.crmAutomation.testScripts.LoginTest" name="verifyHomepageTitleTest" time="0.024"/>
  <testcase classname="com.crmAutomation.testScripts.HomePageTest" name="verifyclickOnContactsPgLinkTest" time="1.622"/>
  <testcase classname="com.crmAutomation.testScripts.LoginTest" name="validatecurrentUrlTest" time="0.039"/>
  <testcase classname="com.crmAutomation.testScripts.HomePageTest" name="VerifylogOutOfApplication" time="1.905"/>
  <testcase classname="com.crmAutomation.base.TestBase" name="@BeforeSuite initialization" time="0.0">
    <ignored/>
  </testcase> <!-- @BeforeSuite initialization -->
  <testcase classname="com.crmAutomation.base.TestBase" name="@BeforeSuite initialization" time="0.0">
    <ignored/>
  </testcase> <!-- @BeforeSuite initialization -->
  <testcase classname="com.crmAutomation.base.TestBase" name="@BeforeSuite initialization" time="0.0">
    <ignored/>
  </testcase> <!-- @BeforeSuite initialization -->
  <testcase classname="com.crmAutomation.base.TestBase" name="@BeforeSuite initialization" time="0.0">
    <ignored/>
  </testcase> <!-- @BeforeSuite initialization -->
  <testcase classname="com.crmAutomation.base.TestBase" name="@BeforeSuite initialization" time="0.0">
    <ignored/>
  </testcase> <!-- @BeforeSuite initialization -->
</testsuite> <!-- Login-SignUp -->
